{"C:\\Users\\lilia\\Epicodus\\gif\\Project_5\\src\\galactic_age.js": {"path":"C:\\Users\\lilia\\Epicodus\\gif\\Project_5\\src\\galactic_age.js","statementMap":{"0":{"start":{"line":7,"column":4},"end":{"line":7,"column":21}},"1":{"start":{"line":8,"column":4},"end":{"line":8,"column":13}},"2":{"start":{"line":9,"column":4},"end":{"line":9,"column":32}},"3":{"start":{"line":13,"column":4},"end":{"line":13,"column":19}},"4":{"start":{"line":14,"column":4},"end":{"line":14,"column":25}},"5":{"start":{"line":18,"column":4},"end":{"line":18,"column":19}},"6":{"start":{"line":19,"column":4},"end":{"line":19,"column":25}},"7":{"start":{"line":23,"column":4},"end":{"line":23,"column":19}},"8":{"start":{"line":24,"column":4},"end":{"line":24,"column":37}},"9":{"start":{"line":28,"column":4},"end":{"line":28,"column":19}},"10":{"start":{"line":29,"column":4},"end":{"line":29,"column":38}},"11":{"start":{"line":32,"column":18},"end":{"line":54,"column":3}},"12":{"start":{"line":35,"column":4},"end":{"line":52,"column":5}},"13":{"start":{"line":37,"column":8},"end":{"line":37,"column":18}},"14":{"start":{"line":38,"column":8},"end":{"line":38,"column":55}},"15":{"start":{"line":39,"column":8},"end":{"line":39,"column":14}},"16":{"start":{"line":41,"column":8},"end":{"line":41,"column":19}},"17":{"start":{"line":42,"column":8},"end":{"line":42,"column":42}},"18":{"start":{"line":43,"column":8},"end":{"line":43,"column":14}},"19":{"start":{"line":45,"column":8},"end":{"line":45,"column":19}},"20":{"start":{"line":46,"column":8},"end":{"line":46,"column":45}},"21":{"start":{"line":47,"column":8},"end":{"line":47,"column":14}},"22":{"start":{"line":50,"column":8},"end":{"line":50,"column":18}},"23":{"start":{"line":51,"column":8},"end":{"line":51,"column":14}},"24":{"start":{"line":53,"column":4},"end":{"line":53,"column":17}},"25":{"start":{"line":56,"column":18},"end":{"line":78,"column":3}},"26":{"start":{"line":59,"column":4},"end":{"line":76,"column":5}},"27":{"start":{"line":61,"column":6},"end":{"line":61,"column":25}},"28":{"start":{"line":62,"column":8},"end":{"line":62,"column":55}},"29":{"start":{"line":63,"column":8},"end":{"line":63,"column":14}},"30":{"start":{"line":65,"column":8},"end":{"line":65,"column":28}},"31":{"start":{"line":66,"column":8},"end":{"line":66,"column":42}},"32":{"start":{"line":67,"column":8},"end":{"line":67,"column":14}},"33":{"start":{"line":69,"column":8},"end":{"line":69,"column":28}},"34":{"start":{"line":70,"column":8},"end":{"line":70,"column":45}},"35":{"start":{"line":71,"column":8},"end":{"line":71,"column":14}},"36":{"start":{"line":74,"column":8},"end":{"line":74,"column":27}},"37":{"start":{"line":75,"column":8},"end":{"line":75,"column":14}},"38":{"start":{"line":77,"column":4},"end":{"line":77,"column":26}},"39":{"start":{"line":80,"column":21},"end":{"line":97,"column":3}},"40":{"start":{"line":81,"column":20},"end":{"line":81,"column":46}},"41":{"start":{"line":82,"column":20},"end":{"line":82,"column":50}},"42":{"start":{"line":83,"column":17},"end":{"line":83,"column":38}},"43":{"start":{"line":85,"column":4},"end":{"line":95,"column":16}},"44":{"start":{"line":86,"column":5},"end":{"line":86,"column":15}},"45":{"start":{"line":88,"column":9},"end":{"line":95,"column":16}},"46":{"start":{"line":89,"column":5},"end":{"line":89,"column":15}},"47":{"start":{"line":91,"column":9},"end":{"line":95,"column":16}},"48":{"start":{"line":92,"column":6},"end":{"line":92,"column":16}},"49":{"start":{"line":95,"column":6},"end":{"line":95,"column":16}},"50":{"start":{"line":96,"column":4},"end":{"line":96,"column":16}},"51":{"start":{"line":99,"column":25},"end":{"line":114,"column":3}},"52":{"start":{"line":100,"column":22},"end":{"line":100,"column":48}},"53":{"start":{"line":101,"column":17},"end":{"line":101,"column":22}},"54":{"start":{"line":102,"column":21},"end":{"line":102,"column":30}},"55":{"start":{"line":103,"column":19},"end":{"line":103,"column":60}},"56":{"start":{"line":105,"column":4},"end":{"line":112,"column":5}},"57":{"start":{"line":106,"column":6},"end":{"line":106,"column":42}},"58":{"start":{"line":107,"column":6},"end":{"line":107,"column":79}},"59":{"start":{"line":110,"column":6},"end":{"line":110,"column":42}},"60":{"start":{"line":111,"column":6},"end":{"line":111,"column":79}},"61":{"start":{"line":116,"column":23},"end":{"line":130,"column":3}},"62":{"start":{"line":117,"column":20},"end":{"line":117,"column":44}},"63":{"start":{"line":118,"column":17},"end":{"line":118,"column":27}},"64":{"start":{"line":119,"column":21},"end":{"line":119,"column":32}},"65":{"start":{"line":120,"column":19},"end":{"line":120,"column":60}},"66":{"start":{"line":122,"column":4},"end":{"line":129,"column":5}},"67":{"start":{"line":123,"column":6},"end":{"line":123,"column":40}},"68":{"start":{"line":124,"column":6},"end":{"line":124,"column":77}},"69":{"start":{"line":127,"column":6},"end":{"line":127,"column":40}},"70":{"start":{"line":128,"column":6},"end":{"line":128,"column":77}},"71":{"start":{"line":132,"column":22},"end":{"line":147,"column":1}},"72":{"start":{"line":133,"column":19},"end":{"line":133,"column":42}},"73":{"start":{"line":134,"column":17},"end":{"line":134,"column":37}},"74":{"start":{"line":135,"column":21},"end":{"line":135,"column":35}},"75":{"start":{"line":136,"column":19},"end":{"line":136,"column":60}},"76":{"start":{"line":138,"column":4},"end":{"line":145,"column":5}},"77":{"start":{"line":139,"column":6},"end":{"line":139,"column":39}},"78":{"start":{"line":140,"column":6},"end":{"line":140,"column":76}},"79":{"start":{"line":143,"column":6},"end":{"line":143,"column":39}},"80":{"start":{"line":144,"column":6},"end":{"line":144,"column":76}},"81":{"start":{"line":149,"column":23},"end":{"line":158,"column":1}},"82":{"start":{"line":150,"column":20},"end":{"line":150,"column":46}},"83":{"start":{"line":151,"column":15},"end":{"line":151,"column":20}},"84":{"start":{"line":152,"column":19},"end":{"line":152,"column":28}},"85":{"start":{"line":153,"column":17},"end":{"line":153,"column":58}},"86":{"start":{"line":155,"column":2},"end":{"line":155,"column":38}},"87":{"start":{"line":156,"column":4},"end":{"line":156,"column":77}}},"fnMap":{"0":{"name":"(anonymous_0)","decl":{"start":{"line":6,"column":2},"end":{"line":6,"column":3}},"loc":{"start":{"line":6,"column":19},"end":{"line":10,"column":3}},"line":6},"1":{"name":"(anonymous_1)","decl":{"start":{"line":12,"column":2},"end":{"line":12,"column":3}},"loc":{"start":{"line":12,"column":23},"end":{"line":15,"column":3}},"line":12},"2":{"name":"(anonymous_2)","decl":{"start":{"line":17,"column":2},"end":{"line":17,"column":3}},"loc":{"start":{"line":17,"column":21},"end":{"line":20,"column":3}},"line":17},"3":{"name":"(anonymous_3)","decl":{"start":{"line":22,"column":2},"end":{"line":22,"column":3}},"loc":{"start":{"line":22,"column":20},"end":{"line":25,"column":3}},"line":22},"4":{"name":"(anonymous_4)","decl":{"start":{"line":27,"column":2},"end":{"line":27,"column":3}},"loc":{"start":{"line":27,"column":23},"end":{"line":30,"column":3}},"line":27},"5":{"name":"(anonymous_5)","decl":{"start":{"line":32,"column":18},"end":{"line":32,"column":19}},"loc":{"start":{"line":32,"column":34},"end":{"line":54,"column":3}},"line":32},"6":{"name":"(anonymous_6)","decl":{"start":{"line":56,"column":18},"end":{"line":56,"column":19}},"loc":{"start":{"line":56,"column":38},"end":{"line":78,"column":3}},"line":56},"7":{"name":"(anonymous_7)","decl":{"start":{"line":80,"column":21},"end":{"line":80,"column":22}},"loc":{"start":{"line":80,"column":50},"end":{"line":97,"column":3}},"line":80},"8":{"name":"(anonymous_8)","decl":{"start":{"line":99,"column":25},"end":{"line":99,"column":26}},"loc":{"start":{"line":99,"column":56},"end":{"line":114,"column":3}},"line":99},"9":{"name":"(anonymous_9)","decl":{"start":{"line":116,"column":23},"end":{"line":116,"column":24}},"loc":{"start":{"line":116,"column":36},"end":{"line":130,"column":3}},"line":116},"10":{"name":"(anonymous_10)","decl":{"start":{"line":132,"column":22},"end":{"line":132,"column":23}},"loc":{"start":{"line":132,"column":35},"end":{"line":147,"column":1}},"line":132},"11":{"name":"(anonymous_11)","decl":{"start":{"line":149,"column":23},"end":{"line":149,"column":24}},"loc":{"start":{"line":149,"column":54},"end":{"line":158,"column":1}},"line":149}},"branchMap":{"0":{"loc":{"start":{"line":35,"column":4},"end":{"line":52,"column":5}},"type":"switch","locations":[{"start":{"line":36,"column":6},"end":{"line":39,"column":14}},{"start":{"line":40,"column":6},"end":{"line":43,"column":14}},{"start":{"line":44,"column":6},"end":{"line":47,"column":14}},{"start":{"line":48,"column":6},"end":{"line":51,"column":14}}],"line":35},"1":{"loc":{"start":{"line":59,"column":4},"end":{"line":76,"column":5}},"type":"switch","locations":[{"start":{"line":60,"column":6},"end":{"line":63,"column":14}},{"start":{"line":64,"column":6},"end":{"line":67,"column":14}},{"start":{"line":68,"column":6},"end":{"line":71,"column":14}},{"start":{"line":72,"column":6},"end":{"line":75,"column":14}}],"line":59},"2":{"loc":{"start":{"line":85,"column":4},"end":{"line":95,"column":16}},"type":"if","locations":[{"start":{"line":85,"column":4},"end":{"line":95,"column":16}},{"start":{"line":85,"column":4},"end":{"line":95,"column":16}}],"line":85},"3":{"loc":{"start":{"line":85,"column":8},"end":{"line":85,"column":36}},"type":"binary-expr","locations":[{"start":{"line":85,"column":8},"end":{"line":85,"column":20}},{"start":{"line":85,"column":24},"end":{"line":85,"column":36}}],"line":85},"4":{"loc":{"start":{"line":88,"column":9},"end":{"line":95,"column":16}},"type":"if","locations":[{"start":{"line":88,"column":9},"end":{"line":95,"column":16}},{"start":{"line":88,"column":9},"end":{"line":95,"column":16}}],"line":88},"5":{"loc":{"start":{"line":91,"column":9},"end":{"line":95,"column":16}},"type":"if","locations":[{"start":{"line":91,"column":9},"end":{"line":95,"column":16}},{"start":{"line":91,"column":9},"end":{"line":95,"column":16}}],"line":91},"6":{"loc":{"start":{"line":105,"column":4},"end":{"line":112,"column":5}},"type":"if","locations":[{"start":{"line":105,"column":4},"end":{"line":112,"column":5}},{"start":{"line":105,"column":4},"end":{"line":112,"column":5}}],"line":105},"7":{"loc":{"start":{"line":122,"column":4},"end":{"line":129,"column":5}},"type":"if","locations":[{"start":{"line":122,"column":4},"end":{"line":129,"column":5}},{"start":{"line":122,"column":4},"end":{"line":129,"column":5}}],"line":122},"8":{"loc":{"start":{"line":138,"column":4},"end":{"line":145,"column":5}},"type":"if","locations":[{"start":{"line":138,"column":4},"end":{"line":145,"column":5}},{"start":{"line":138,"column":4},"end":{"line":145,"column":5}}],"line":138}},"s":{"0":29,"1":29,"2":29,"3":7,"4":7,"5":3,"6":3,"7":3,"8":3,"9":3,"10":3,"11":29,"12":19,"13":5,"14":5,"15":5,"16":4,"17":4,"18":4,"19":7,"20":7,"21":7,"22":3,"23":3,"24":19,"25":29,"26":19,"27":3,"28":3,"29":3,"30":5,"31":5,"32":5,"33":9,"34":9,"35":9,"36":2,"37":2,"38":19,"39":29,"40":15,"41":15,"42":15,"43":15,"44":3,"45":12,"46":5,"47":7,"48":1,"49":6,"50":15,"51":29,"52":4,"53":4,"54":4,"55":4,"56":4,"57":1,"58":1,"59":3,"60":3,"61":29,"62":2,"63":2,"64":2,"65":2,"66":2,"67":1,"68":1,"69":1,"70":1,"71":29,"72":2,"73":2,"74":2,"75":2,"76":2,"77":1,"78":1,"79":1,"80":1,"81":29,"82":2,"83":2,"84":2,"85":2,"86":2,"87":2},"f":{"0":29,"1":7,"2":3,"3":3,"4":3,"5":19,"6":19,"7":15,"8":4,"9":2,"10":2,"11":2},"b":{"0":[5,4,7,3],"1":[3,5,9,2],"2":[3,12],"3":[15,15],"4":[5,7],"5":[1,6],"6":[1,3],"7":[1,1],"8":[1,1]},"_coverageSchema":"43e27e138ebf9cfc5966b082cf9a028302ed4184","hash":"df8a767a5cf230c0af1cebde0a5491618969c516"}
}
