{"C:\\Users\\lilia\\Epicodus\\project5\\src\\galactic_age.js": {"path":"C:\\Users\\lilia\\Epicodus\\project5\\src\\galactic_age.js","statementMap":{"0":{"start":{"line":7,"column":4},"end":{"line":7,"column":21}},"1":{"start":{"line":8,"column":4},"end":{"line":8,"column":13}},"2":{"start":{"line":9,"column":4},"end":{"line":9,"column":32}},"3":{"start":{"line":13,"column":4},"end":{"line":13,"column":19}},"4":{"start":{"line":14,"column":4},"end":{"line":14,"column":25}},"5":{"start":{"line":18,"column":4},"end":{"line":18,"column":19}},"6":{"start":{"line":19,"column":4},"end":{"line":19,"column":25}},"7":{"start":{"line":23,"column":4},"end":{"line":23,"column":19}},"8":{"start":{"line":24,"column":4},"end":{"line":24,"column":37}},"9":{"start":{"line":28,"column":4},"end":{"line":28,"column":19}},"10":{"start":{"line":29,"column":4},"end":{"line":29,"column":38}},"11":{"start":{"line":33,"column":0},"end":{"line":55,"column":1}},"12":{"start":{"line":36,"column":2},"end":{"line":53,"column":3}},"13":{"start":{"line":38,"column":6},"end":{"line":38,"column":16}},"14":{"start":{"line":39,"column":6},"end":{"line":39,"column":53}},"15":{"start":{"line":40,"column":6},"end":{"line":40,"column":12}},"16":{"start":{"line":42,"column":6},"end":{"line":42,"column":17}},"17":{"start":{"line":43,"column":6},"end":{"line":43,"column":40}},"18":{"start":{"line":44,"column":6},"end":{"line":44,"column":12}},"19":{"start":{"line":46,"column":6},"end":{"line":46,"column":17}},"20":{"start":{"line":47,"column":6},"end":{"line":47,"column":43}},"21":{"start":{"line":48,"column":6},"end":{"line":48,"column":12}},"22":{"start":{"line":50,"column":6},"end":{"line":50,"column":51}},"23":{"start":{"line":51,"column":6},"end":{"line":51,"column":16}},"24":{"start":{"line":52,"column":6},"end":{"line":52,"column":12}},"25":{"start":{"line":54,"column":2},"end":{"line":54,"column":15}},"26":{"start":{"line":57,"column":0},"end":{"line":79,"column":1}},"27":{"start":{"line":60,"column":2},"end":{"line":77,"column":3}},"28":{"start":{"line":62,"column":4},"end":{"line":62,"column":23}},"29":{"start":{"line":63,"column":6},"end":{"line":63,"column":53}},"30":{"start":{"line":64,"column":6},"end":{"line":64,"column":12}},"31":{"start":{"line":66,"column":6},"end":{"line":66,"column":26}},"32":{"start":{"line":67,"column":6},"end":{"line":67,"column":40}},"33":{"start":{"line":68,"column":6},"end":{"line":68,"column":12}},"34":{"start":{"line":70,"column":6},"end":{"line":70,"column":26}},"35":{"start":{"line":71,"column":6},"end":{"line":71,"column":43}},"36":{"start":{"line":72,"column":6},"end":{"line":72,"column":12}},"37":{"start":{"line":74,"column":6},"end":{"line":74,"column":60}},"38":{"start":{"line":75,"column":6},"end":{"line":75,"column":25}},"39":{"start":{"line":76,"column":6},"end":{"line":76,"column":12}},"40":{"start":{"line":78,"column":2},"end":{"line":78,"column":24}},"41":{"start":{"line":81,"column":0},"end":{"line":99,"column":1}},"42":{"start":{"line":82,"column":18},"end":{"line":82,"column":44}},"43":{"start":{"line":83,"column":18},"end":{"line":83,"column":48}},"44":{"start":{"line":84,"column":15},"end":{"line":84,"column":36}},"45":{"start":{"line":86,"column":2},"end":{"line":97,"column":3}},"46":{"start":{"line":87,"column":3},"end":{"line":87,"column":13}},"47":{"start":{"line":89,"column":7},"end":{"line":97,"column":3}},"48":{"start":{"line":90,"column":3},"end":{"line":90,"column":13}},"49":{"start":{"line":92,"column":7},"end":{"line":97,"column":3}},"50":{"start":{"line":93,"column":4},"end":{"line":93,"column":14}},"51":{"start":{"line":95,"column":7},"end":{"line":97,"column":3}},"52":{"start":{"line":96,"column":4},"end":{"line":96,"column":14}},"53":{"start":{"line":98,"column":2},"end":{"line":98,"column":14}},"54":{"start":{"line":101,"column":0},"end":{"line":116,"column":1}},"55":{"start":{"line":102,"column":20},"end":{"line":102,"column":46}},"56":{"start":{"line":103,"column":15},"end":{"line":103,"column":35}},"57":{"start":{"line":104,"column":19},"end":{"line":104,"column":33}},"58":{"start":{"line":105,"column":17},"end":{"line":105,"column":58}},"59":{"start":{"line":107,"column":2},"end":{"line":114,"column":3}},"60":{"start":{"line":108,"column":4},"end":{"line":108,"column":40}},"61":{"start":{"line":109,"column":4},"end":{"line":109,"column":77}},"62":{"start":{"line":111,"column":8},"end":{"line":114,"column":3}},"63":{"start":{"line":112,"column":4},"end":{"line":112,"column":40}},"64":{"start":{"line":113,"column":4},"end":{"line":113,"column":77}},"65":{"start":{"line":118,"column":0},"end":{"line":133,"column":1}},"66":{"start":{"line":119,"column":20},"end":{"line":119,"column":44}},"67":{"start":{"line":120,"column":15},"end":{"line":120,"column":35}},"68":{"start":{"line":121,"column":19},"end":{"line":121,"column":33}},"69":{"start":{"line":122,"column":17},"end":{"line":122,"column":58}},"70":{"start":{"line":124,"column":2},"end":{"line":131,"column":3}},"71":{"start":{"line":125,"column":4},"end":{"line":125,"column":40}},"72":{"start":{"line":126,"column":4},"end":{"line":126,"column":77}},"73":{"start":{"line":128,"column":8},"end":{"line":131,"column":3}},"74":{"start":{"line":129,"column":4},"end":{"line":129,"column":40}},"75":{"start":{"line":130,"column":4},"end":{"line":130,"column":77}}},"fnMap":{"0":{"name":"(anonymous_0)","decl":{"start":{"line":6,"column":2},"end":{"line":6,"column":3}},"loc":{"start":{"line":6,"column":19},"end":{"line":10,"column":3}},"line":6},"1":{"name":"(anonymous_1)","decl":{"start":{"line":12,"column":2},"end":{"line":12,"column":3}},"loc":{"start":{"line":12,"column":23},"end":{"line":15,"column":3}},"line":12},"2":{"name":"(anonymous_2)","decl":{"start":{"line":17,"column":2},"end":{"line":17,"column":3}},"loc":{"start":{"line":17,"column":21},"end":{"line":20,"column":3}},"line":17},"3":{"name":"(anonymous_3)","decl":{"start":{"line":22,"column":2},"end":{"line":22,"column":3}},"loc":{"start":{"line":22,"column":20},"end":{"line":25,"column":3}},"line":22},"4":{"name":"(anonymous_4)","decl":{"start":{"line":27,"column":2},"end":{"line":27,"column":3}},"loc":{"start":{"line":27,"column":23},"end":{"line":30,"column":3}},"line":27},"5":{"name":"(anonymous_5)","decl":{"start":{"line":33,"column":33},"end":{"line":33,"column":34}},"loc":{"start":{"line":33,"column":49},"end":{"line":55,"column":1}},"line":33},"6":{"name":"(anonymous_6)","decl":{"start":{"line":57,"column":33},"end":{"line":57,"column":34}},"loc":{"start":{"line":57,"column":53},"end":{"line":79,"column":1}},"line":57},"7":{"name":"(anonymous_7)","decl":{"start":{"line":81,"column":36},"end":{"line":81,"column":37}},"loc":{"start":{"line":81,"column":65},"end":{"line":99,"column":1}},"line":81},"8":{"name":"(anonymous_8)","decl":{"start":{"line":101,"column":40},"end":{"line":101,"column":41}},"loc":{"start":{"line":101,"column":53},"end":{"line":116,"column":1}},"line":101},"9":{"name":"(anonymous_9)","decl":{"start":{"line":118,"column":38},"end":{"line":118,"column":39}},"loc":{"start":{"line":118,"column":51},"end":{"line":133,"column":1}},"line":118}},"branchMap":{"0":{"loc":{"start":{"line":36,"column":2},"end":{"line":53,"column":3}},"type":"switch","locations":[{"start":{"line":37,"column":4},"end":{"line":40,"column":12}},{"start":{"line":41,"column":4},"end":{"line":44,"column":12}},{"start":{"line":45,"column":4},"end":{"line":48,"column":12}},{"start":{"line":49,"column":4},"end":{"line":52,"column":12}}],"line":36},"1":{"loc":{"start":{"line":60,"column":2},"end":{"line":77,"column":3}},"type":"switch","locations":[{"start":{"line":61,"column":4},"end":{"line":64,"column":12}},{"start":{"line":65,"column":4},"end":{"line":68,"column":12}},{"start":{"line":69,"column":4},"end":{"line":72,"column":12}},{"start":{"line":73,"column":4},"end":{"line":76,"column":12}}],"line":60},"2":{"loc":{"start":{"line":86,"column":2},"end":{"line":97,"column":3}},"type":"if","locations":[{"start":{"line":86,"column":2},"end":{"line":97,"column":3}},{"start":{"line":86,"column":2},"end":{"line":97,"column":3}}],"line":86},"3":{"loc":{"start":{"line":86,"column":6},"end":{"line":86,"column":34}},"type":"binary-expr","locations":[{"start":{"line":86,"column":6},"end":{"line":86,"column":18}},{"start":{"line":86,"column":22},"end":{"line":86,"column":34}}],"line":86},"4":{"loc":{"start":{"line":89,"column":7},"end":{"line":97,"column":3}},"type":"if","locations":[{"start":{"line":89,"column":7},"end":{"line":97,"column":3}},{"start":{"line":89,"column":7},"end":{"line":97,"column":3}}],"line":89},"5":{"loc":{"start":{"line":92,"column":7},"end":{"line":97,"column":3}},"type":"if","locations":[{"start":{"line":92,"column":7},"end":{"line":97,"column":3}},{"start":{"line":92,"column":7},"end":{"line":97,"column":3}}],"line":92},"6":{"loc":{"start":{"line":95,"column":7},"end":{"line":97,"column":3}},"type":"if","locations":[{"start":{"line":95,"column":7},"end":{"line":97,"column":3}},{"start":{"line":95,"column":7},"end":{"line":97,"column":3}}],"line":95},"7":{"loc":{"start":{"line":107,"column":2},"end":{"line":114,"column":3}},"type":"if","locations":[{"start":{"line":107,"column":2},"end":{"line":114,"column":3}},{"start":{"line":107,"column":2},"end":{"line":114,"column":3}}],"line":107},"8":{"loc":{"start":{"line":111,"column":8},"end":{"line":114,"column":3}},"type":"if","locations":[{"start":{"line":111,"column":8},"end":{"line":114,"column":3}},{"start":{"line":111,"column":8},"end":{"line":114,"column":3}}],"line":111},"9":{"loc":{"start":{"line":124,"column":2},"end":{"line":131,"column":3}},"type":"if","locations":[{"start":{"line":124,"column":2},"end":{"line":131,"column":3}},{"start":{"line":124,"column":2},"end":{"line":131,"column":3}}],"line":124},"10":{"loc":{"start":{"line":128,"column":8},"end":{"line":131,"column":3}},"type":"if","locations":[{"start":{"line":128,"column":8},"end":{"line":131,"column":3}},{"start":{"line":128,"column":8},"end":{"line":131,"column":3}}],"line":128}},"s":{"0":20,"1":20,"2":20,"3":3,"4":3,"5":1,"6":1,"7":1,"8":1,"9":1,"10":1,"11":1,"12":11,"13":4,"14":4,"15":4,"16":3,"17":3,"18":3,"19":3,"20":3,"21":3,"22":1,"23":1,"24":1,"25":11,"26":1,"27":11,"28":3,"29":3,"30":3,"31":3,"32":3,"33":3,"34":4,"35":4,"36":4,"37":1,"38":1,"39":1,"40":11,"41":1,"42":7,"43":7,"44":7,"45":7,"46":2,"47":5,"48":3,"49":2,"50":1,"51":1,"52":1,"53":7,"54":1,"55":2,"56":2,"57":2,"58":2,"59":2,"60":1,"61":1,"62":1,"63":1,"64":1,"65":1,"66":0,"67":0,"68":0,"69":0,"70":0,"71":0,"72":0,"73":0,"74":0,"75":0},"f":{"0":20,"1":3,"2":1,"3":1,"4":1,"5":11,"6":11,"7":7,"8":2,"9":0},"b":{"0":[4,3,3,1],"1":[3,3,4,1],"2":[2,5],"3":[7,7],"4":[3,2],"5":[1,1],"6":[1,0],"7":[1,1],"8":[1,0],"9":[0,0],"10":[0,0]},"_coverageSchema":"43e27e138ebf9cfc5966b082cf9a028302ed4184","hash":"1fa2806c6a297bdbdc9d24b517f8f743998da590"}
}
