TN:
SF:C:\Users\lilia\Epicodus\project5\src\galactic_age.js
FN:6,(anonymous_0)
FN:12,(anonymous_1)
FN:17,(anonymous_2)
FN:22,(anonymous_3)
FN:27,(anonymous_4)
FN:33,(anonymous_5)
FN:57,(anonymous_6)
FN:81,(anonymous_7)
FN:101,(anonymous_8)
FN:118,(anonymous_9)
FNF:10
FNH:9
FNDA:20,(anonymous_0)
FNDA:3,(anonymous_1)
FNDA:1,(anonymous_2)
FNDA:1,(anonymous_3)
FNDA:1,(anonymous_4)
FNDA:11,(anonymous_5)
FNDA:11,(anonymous_6)
FNDA:7,(anonymous_7)
FNDA:2,(anonymous_8)
FNDA:0,(anonymous_9)
DA:7,20
DA:8,20
DA:9,20
DA:13,3
DA:14,3
DA:18,1
DA:19,1
DA:23,1
DA:24,1
DA:28,1
DA:29,1
DA:33,1
DA:36,11
DA:38,4
DA:39,4
DA:40,4
DA:42,3
DA:43,3
DA:44,3
DA:46,3
DA:47,3
DA:48,3
DA:50,1
DA:51,1
DA:52,1
DA:54,11
DA:57,1
DA:60,11
DA:62,3
DA:63,3
DA:64,3
DA:66,3
DA:67,3
DA:68,3
DA:70,4
DA:71,4
DA:72,4
DA:74,1
DA:75,1
DA:76,1
DA:78,11
DA:81,1
DA:82,7
DA:83,7
DA:84,7
DA:86,7
DA:87,2
DA:89,5
DA:90,3
DA:92,2
DA:93,1
DA:95,1
DA:96,1
DA:98,7
DA:101,1
DA:102,2
DA:103,2
DA:104,2
DA:105,2
DA:107,2
DA:108,1
DA:109,1
DA:111,1
DA:112,1
DA:113,1
DA:118,1
DA:119,0
DA:120,0
DA:121,0
DA:122,0
DA:124,0
DA:125,0
DA:126,0
DA:128,0
DA:129,0
DA:130,0
LF:76
LH:66
BRDA:36,0,0,4
BRDA:36,0,1,3
BRDA:36,0,2,3
BRDA:36,0,3,1
BRDA:60,1,0,3
BRDA:60,1,1,3
BRDA:60,1,2,4
BRDA:60,1,3,1
BRDA:86,2,0,2
BRDA:86,2,1,5
BRDA:86,3,0,7
BRDA:86,3,1,7
BRDA:89,4,0,3
BRDA:89,4,1,2
BRDA:92,5,0,1
BRDA:92,5,1,1
BRDA:95,6,0,1
BRDA:95,6,1,0
BRDA:107,7,0,1
BRDA:107,7,1,1
BRDA:111,8,0,1
BRDA:111,8,1,0
BRDA:124,9,0,0
BRDA:124,9,1,0
BRDA:128,10,0,0
BRDA:128,10,1,0
BRF:26
BRH:20
end_of_record
