TN:
SF:C:\Users\lilia\Epicodus\project5\src\galactic_age.js
FN:6,(anonymous_0)
FN:12,(anonymous_1)
FN:17,(anonymous_2)
FN:22,(anonymous_3)
FN:27,(anonymous_4)
FN:33,(anonymous_5)
FN:61,(anonymous_6)
FN:90,(anonymous_7)
FN:110,(anonymous_8)
FNF:9
FNH:9
FNDA:19,(anonymous_0)
FNDA:2,(anonymous_1)
FNDA:1,(anonymous_2)
FNDA:1,(anonymous_3)
FNDA:1,(anonymous_4)
FNDA:10,(anonymous_5)
FNDA:10,(anonymous_6)
FNDA:6,(anonymous_7)
FNDA:1,(anonymous_8)
DA:7,19
DA:8,19
DA:9,19
DA:13,2
DA:14,2
DA:18,1
DA:19,1
DA:23,1
DA:24,1
DA:28,1
DA:29,1
DA:33,1
DA:34,10
DA:40,10
DA:42,3
DA:43,3
DA:44,3
DA:46,3
DA:47,3
DA:48,3
DA:50,3
DA:51,3
DA:52,3
DA:54,1
DA:55,1
DA:56,1
DA:58,10
DA:61,1
DA:62,10
DA:69,10
DA:71,3
DA:72,3
DA:73,3
DA:75,2
DA:76,2
DA:77,2
DA:79,4
DA:80,4
DA:81,4
DA:83,1
DA:84,1
DA:85,1
DA:87,10
DA:90,1
DA:91,6
DA:92,6
DA:93,6
DA:95,6
DA:96,2
DA:98,4
DA:99,2
DA:101,2
DA:102,1
DA:104,1
DA:105,1
DA:107,6
DA:110,1
DA:111,1
DA:112,1
DA:113,1
DA:114,1
DA:116,1
DA:117,1
DA:118,1
DA:121,0
DA:122,0
LF:66
LH:64
BRDA:40,0,0,3
BRDA:40,0,1,3
BRDA:40,0,2,3
BRDA:40,0,3,1
BRDA:69,1,0,3
BRDA:69,1,1,2
BRDA:69,1,2,4
BRDA:69,1,3,1
BRDA:95,2,0,2
BRDA:95,2,1,4
BRDA:95,3,0,6
BRDA:95,3,1,6
BRDA:98,4,0,2
BRDA:98,4,1,2
BRDA:101,5,0,1
BRDA:101,5,1,1
BRDA:104,6,0,1
BRDA:104,6,1,0
BRDA:116,7,0,1
BRDA:116,7,1,0
BRF:20
BRH:18
end_of_record
